<?xml version="1.0" encoding="UTF-8"?>
<testsuite name="com.yunhwan.book.springboot.web.IndexControllerTest" tests="1" skipped="0" failures="0" errors="0" timestamp="2020-12-30T01:58:32" hostname="DESKTOP-FEULOG5" time="0.273">
  <properties/>
  <testcase name="메인페이지_로딩" classname="com.yunhwan.book.springboot.web.IndexControllerTest" time="0.273"/>
  <system-out><![CDATA[10:58:27.614 [Test worker] DEBUG org.springframework.test.context.junit4.SpringJUnit4ClassRunner - SpringJUnit4ClassRunner constructor called with [class com.yunhwan.book.springboot.web.IndexControllerTest]
10:58:27.620 [Test worker] DEBUG org.springframework.test.context.BootstrapUtils - Instantiating CacheAwareContextLoaderDelegate from class [org.springframework.test.context.cache.DefaultCacheAwareContextLoaderDelegate]
10:58:27.626 [Test worker] DEBUG org.springframework.test.context.BootstrapUtils - Instantiating BootstrapContext using constructor [public org.springframework.test.context.support.DefaultBootstrapContext(java.lang.Class,org.springframework.test.context.CacheAwareContextLoaderDelegate)]
10:58:27.639 [Test worker] DEBUG org.springframework.test.context.BootstrapUtils - Instantiating TestContextBootstrapper for test class [com.yunhwan.book.springboot.web.IndexControllerTest] from class [org.springframework.boot.test.context.SpringBootTestContextBootstrapper]
10:58:27.649 [Test worker] INFO org.springframework.boot.test.context.SpringBootTestContextBootstrapper - Neither @ContextConfiguration nor @ContextHierarchy found for test class [com.yunhwan.book.springboot.web.IndexControllerTest], using SpringBootContextLoader
10:58:27.651 [Test worker] DEBUG org.springframework.test.context.support.AbstractContextLoader - Did not detect default resource location for test class [com.yunhwan.book.springboot.web.IndexControllerTest]: class path resource [com/yunhwan/book/springboot/web/IndexControllerTest-context.xml] does not exist
10:58:27.651 [Test worker] DEBUG org.springframework.test.context.support.AbstractContextLoader - Did not detect default resource location for test class [com.yunhwan.book.springboot.web.IndexControllerTest]: class path resource [com/yunhwan/book/springboot/web/IndexControllerTestContext.groovy] does not exist
10:58:27.652 [Test worker] INFO org.springframework.test.context.support.AbstractContextLoader - Could not detect default resource locations for test class [com.yunhwan.book.springboot.web.IndexControllerTest]: no resource found for suffixes {-context.xml, Context.groovy}.
10:58:27.652 [Test worker] INFO org.springframework.test.context.support.AnnotationConfigContextLoaderUtils - Could not detect default configuration classes for test class [com.yunhwan.book.springboot.web.IndexControllerTest]: IndexControllerTest does not declare any static, non-private, non-final, nested classes annotated with @Configuration.
10:58:27.682 [Test worker] DEBUG org.springframework.test.context.support.ActiveProfilesUtils - Could not find an 'annotation declaring class' for annotation type [org.springframework.test.context.ActiveProfiles] and class [com.yunhwan.book.springboot.web.IndexControllerTest]
10:58:27.758 [Test worker] DEBUG org.springframework.context.annotation.ClassPathScanningCandidateComponentProvider - Identified candidate component class: file [C:\Users\pc\Desktop\freelec-springboot2\build\classes\java\main\com\yunhwan\book\springboot\Application.class]
10:58:27.759 [Test worker] INFO org.springframework.boot.test.context.SpringBootTestContextBootstrapper - Found @SpringBootConfiguration com.yunhwan.book.springboot.Application for test class com.yunhwan.book.springboot.web.IndexControllerTest
10:58:27.832 [Test worker] DEBUG org.springframework.boot.test.context.SpringBootTestContextBootstrapper - @TestExecutionListeners is not present for class [com.yunhwan.book.springboot.web.IndexControllerTest]: using defaults.
10:58:27.832 [Test worker] INFO org.springframework.boot.test.context.SpringBootTestContextBootstrapper - Loaded default TestExecutionListener class names from location [META-INF/spring.factories]: [org.springframework.security.test.context.support.WithSecurityContextTestExecutionListener, org.springframework.security.test.context.support.ReactorContextTestExecutionListener, org.springframework.boot.test.autoconfigure.restdocs.RestDocsTestExecutionListener, org.springframework.boot.test.autoconfigure.web.client.MockRestServiceServerResetTestExecutionListener, org.springframework.boot.test.autoconfigure.web.servlet.MockMvcPrintOnlyOnFailureTestExecutionListener, org.springframework.boot.test.autoconfigure.web.servlet.WebDriverTestExecutionListener, org.springframework.boot.test.mock.mockito.MockitoTestExecutionListener, org.springframework.boot.test.mock.mockito.ResetMocksTestExecutionListener, org.springframework.test.context.web.ServletTestExecutionListener, org.springframework.test.context.support.DirtiesContextBeforeModesTestExecutionListener, org.springframework.test.context.support.DependencyInjectionTestExecutionListener, org.springframework.test.context.support.DirtiesContextTestExecutionListener, org.springframework.test.context.transaction.TransactionalTestExecutionListener, org.springframework.test.context.jdbc.SqlScriptsTestExecutionListener]
10:58:27.858 [Test worker] INFO org.springframework.boot.test.context.SpringBootTestContextBootstrapper - Using TestExecutionListeners: [org.springframework.test.context.web.ServletTestExecutionListener@443e0e8b, org.springframework.test.context.support.DirtiesContextBeforeModesTestExecutionListener@6a702e5e, org.springframework.boot.test.mock.mockito.MockitoTestExecutionListener@c4a17b2, org.springframework.boot.test.autoconfigure.SpringBootDependencyInjectionTestExecutionListener@27c9ccbc, org.springframework.test.context.support.DirtiesContextTestExecutionListener@13b7d498, org.springframework.test.context.transaction.TransactionalTestExecutionListener@785e0a6e, org.springframework.test.context.jdbc.SqlScriptsTestExecutionListener@24f56550, org.springframework.security.test.context.support.WithSecurityContextTestExecutionListener@4d30f15e, org.springframework.security.test.context.support.ReactorContextTestExecutionListener@608eef74, org.springframework.boot.test.autoconfigure.restdocs.RestDocsTestExecutionListener@688b9471, org.springframework.boot.test.autoconfigure.web.client.MockRestServiceServerResetTestExecutionListener@675ba3d5, org.springframework.boot.test.autoconfigure.web.servlet.MockMvcPrintOnlyOnFailureTestExecutionListener@2dab1461, org.springframework.boot.test.autoconfigure.web.servlet.WebDriverTestExecutionListener@3a49abef, org.springframework.boot.test.mock.mockito.ResetMocksTestExecutionListener@e5598cb]
10:58:27.860 [Test worker] DEBUG org.springframework.test.annotation.ProfileValueUtils - Retrieved @ProfileValueSourceConfiguration [null] for test class [com.yunhwan.book.springboot.web.IndexControllerTest]
10:58:27.861 [Test worker] DEBUG org.springframework.test.annotation.ProfileValueUtils - Retrieved ProfileValueSource type [class org.springframework.test.annotation.SystemProfileValueSource] for class [com.yunhwan.book.springboot.web.IndexControllerTest]
10:58:27.861 [Test worker] DEBUG org.springframework.test.annotation.ProfileValueUtils - Retrieved @ProfileValueSourceConfiguration [null] for test class [com.yunhwan.book.springboot.web.IndexControllerTest]
10:58:27.861 [Test worker] DEBUG org.springframework.test.annotation.ProfileValueUtils - Retrieved ProfileValueSource type [class org.springframework.test.annotation.SystemProfileValueSource] for class [com.yunhwan.book.springboot.web.IndexControllerTest]
10:58:27.865 [Test worker] DEBUG org.springframework.test.context.support.AbstractDirtiesContextTestExecutionListener - Before test class: context [DefaultTestContext@14640dfe testClass = IndexControllerTest, testInstance = [null], testMethod = [null], testException = [null], mergedContextConfiguration = [WebMergedContextConfiguration@567e8ab testClass = IndexControllerTest, locations = '{}', classes = '{class com.yunhwan.book.springboot.Application}', contextInitializerClasses = '[]', activeProfiles = '{}', propertySourceLocations = '{}', propertySourceProperties = '{org.springframework.boot.test.context.SpringBootTestContextBootstrapper=true, server.port=0}', contextCustomizers = set[org.springframework.boot.test.autoconfigure.properties.PropertyMappingContextCustomizer@0, org.springframework.boot.test.autoconfigure.web.servlet.WebDriverContextCustomizerFactory$Customizer@6de66eda, org.springframework.boot.test.context.filter.ExcludeFilterContextCustomizer@435fda47, org.springframework.boot.test.json.DuplicateJsonObjectContextCustomizerFactory$DuplicateJsonObjectContextCustomizer@40a47ace, org.springframework.boot.test.mock.mockito.MockitoContextCustomizer@0, org.springframework.boot.test.web.client.TestRestTemplateContextCustomizer@6c9b66fe], resourceBasePath = 'src/main/webapp', contextLoader = 'org.springframework.boot.test.context.SpringBootContextLoader', parent = [null]], attributes = map['org.springframework.test.context.web.ServletTestExecutionListener.activateListener' -> false]], class annotated with @DirtiesContext [false] with mode [null].
10:58:27.865 [Test worker] DEBUG org.springframework.test.annotation.ProfileValueUtils - Retrieved @ProfileValueSourceConfiguration [null] for test class [com.yunhwan.book.springboot.web.IndexControllerTest]
10:58:27.865 [Test worker] DEBUG org.springframework.test.annotation.ProfileValueUtils - Retrieved ProfileValueSource type [class org.springframework.test.annotation.SystemProfileValueSource] for class [com.yunhwan.book.springboot.web.IndexControllerTest]
10:58:27.868 [Test worker] DEBUG org.springframework.test.context.support.DependencyInjectionTestExecutionListener - Performing dependency injection for test context [[DefaultTestContext@14640dfe testClass = IndexControllerTest, testInstance = com.yunhwan.book.springboot.web.IndexControllerTest@69178aaa, testMethod = [null], testException = [null], mergedContextConfiguration = [WebMergedContextConfiguration@567e8ab testClass = IndexControllerTest, locations = '{}', classes = '{class com.yunhwan.book.springboot.Application}', contextInitializerClasses = '[]', activeProfiles = '{}', propertySourceLocations = '{}', propertySourceProperties = '{org.springframework.boot.test.context.SpringBootTestContextBootstrapper=true, server.port=0}', contextCustomizers = set[org.springframework.boot.test.autoconfigure.properties.PropertyMappingContextCustomizer@0, org.springframework.boot.test.autoconfigure.web.servlet.WebDriverContextCustomizerFactory$Customizer@6de66eda, org.springframework.boot.test.context.filter.ExcludeFilterContextCustomizer@435fda47, org.springframework.boot.test.json.DuplicateJsonObjectContextCustomizerFactory$DuplicateJsonObjectContextCustomizer@40a47ace, org.springframework.boot.test.mock.mockito.MockitoContextCustomizer@0, org.springframework.boot.test.web.client.TestRestTemplateContextCustomizer@6c9b66fe], resourceBasePath = 'src/main/webapp', contextLoader = 'org.springframework.boot.test.context.SpringBootContextLoader', parent = [null]], attributes = map['org.springframework.test.context.web.ServletTestExecutionListener.activateListener' -> false]]].
10:58:27.881 [Test worker] DEBUG org.springframework.test.context.support.TestPropertySourceUtils - Adding inlined properties to environment: {spring.jmx.enabled=false, org.springframework.boot.test.context.SpringBootTestContextBootstrapper=true, server.port=0}

  .   ____          _            __ _ _
 /\\ / ___'_ __ _ _(_)_ __  __ _ \ \ \ \
( ( )\___ | '_ | '_| | '_ \/ _` | \ \ \ \
 \\/  ___)| |_)| | | | | || (_| |  ) ) ) )
  '  |____| .__|_| |_|_| |_\__, | / / / /
 =========|_|==============|___/=/_/_/_/
 :: Spring Boot ::        (v2.1.7.RELEASE)

2020-12-30 10:58:28.116  INFO 4520 --- [    Test worker] c.y.b.s.web.IndexControllerTest          : Starting IndexControllerTest on DESKTOP-FEULOG5 with PID 4520 (started by pc in C:\Users\pc\Desktop\freelec-springboot2)
2020-12-30 10:58:28.117  INFO 4520 --- [    Test worker] c.y.b.s.web.IndexControllerTest          : The following profiles are active: oauth
2020-12-30 10:58:28.790  INFO 4520 --- [    Test worker] .s.d.r.c.RepositoryConfigurationDelegate : Bootstrapping Spring Data repositories in DEFAULT mode.
2020-12-30 10:58:28.852  INFO 4520 --- [    Test worker] .s.d.r.c.RepositoryConfigurationDelegate : Finished Spring Data repository scanning in 55ms. Found 2 repository interfaces.
2020-12-30 10:58:29.235  INFO 4520 --- [    Test worker] trationDelegate$BeanPostProcessorChecker : Bean 'org.springframework.transaction.annotation.ProxyTransactionManagementConfiguration' of type [org.springframework.transaction.annotation.ProxyTransactionManagementConfiguration$$EnhancerBySpringCGLIB$$ccb7e24] is not eligible for getting processed by all BeanPostProcessors (for example: not eligible for auto-proxying)
2020-12-30 10:58:29.555  INFO 4520 --- [    Test worker] o.s.b.w.embedded.tomcat.TomcatWebServer  : Tomcat initialized with port(s): 0 (http)
2020-12-30 10:58:29.574  INFO 4520 --- [    Test worker] o.apache.catalina.core.StandardService   : Starting service [Tomcat]
2020-12-30 10:58:29.574  INFO 4520 --- [    Test worker] org.apache.catalina.core.StandardEngine  : Starting Servlet engine: [Apache Tomcat/9.0.22]
2020-12-30 10:58:29.686  INFO 4520 --- [    Test worker] o.a.c.c.C.[Tomcat].[localhost].[/]       : Initializing Spring embedded WebApplicationContext
2020-12-30 10:58:29.686  INFO 4520 --- [    Test worker] o.s.web.context.ContextLoader            : Root WebApplicationContext: initialization completed in 1550 ms
2020-12-30 10:58:29.886  INFO 4520 --- [    Test worker] com.zaxxer.hikari.HikariDataSource       : HikariPool-1 - Starting...
2020-12-30 10:58:30.017  INFO 4520 --- [    Test worker] com.zaxxer.hikari.HikariDataSource       : HikariPool-1 - Start completed.
2020-12-30 10:58:30.113  INFO 4520 --- [    Test worker] o.hibernate.jpa.internal.util.LogHelper  : HHH000204: Processing PersistenceUnitInfo [
	name: default
	...]
2020-12-30 10:58:30.177  INFO 4520 --- [    Test worker] org.hibernate.Version                    : HHH000412: Hibernate Core {5.3.10.Final}
2020-12-30 10:58:30.178  INFO 4520 --- [    Test worker] org.hibernate.cfg.Environment            : HHH000206: hibernate.properties not found
2020-12-30 10:58:30.323  INFO 4520 --- [    Test worker] o.hibernate.annotations.common.Version   : HCANN000001: Hibernate Commons Annotations {5.0.4.Final}
2020-12-30 10:58:30.476  INFO 4520 --- [    Test worker] org.hibernate.dialect.Dialect            : HHH000400: Using dialect: org.hibernate.dialect.MySQL5InnoDBDialect
Hibernate: drop table if exists posts
Hibernate: drop table if exists user
Hibernate: create table posts (id bigint not null auto_increment, create_date datetime, modified_date datetime, author varchar(255), content TEXT not null, title varchar(500) not null, primary key (id)) engine=InnoDB
Hibernate: create table user (id bigint not null auto_increment, create_date datetime, modified_date datetime, email varchar(255) not null, name varchar(255) not null, picture varchar(255), role varchar(255) not null, primary key (id)) engine=InnoDB
2020-12-30 10:58:31.080  INFO 4520 --- [    Test worker] o.h.t.schema.internal.SchemaCreatorImpl  : HHH000476: Executing import script 'org.hibernate.tool.schema.internal.exec.ScriptSourceInputNonExistentImpl@6a1fa9d1'
2020-12-30 10:58:31.083  INFO 4520 --- [    Test worker] j.LocalContainerEntityManagerFactoryBean : Initialized JPA EntityManagerFactory for persistence unit 'default'
2020-12-30 10:58:31.715  INFO 4520 --- [    Test worker] o.h.h.i.QueryTranslatorFactoryInitiator  : HHH000397: Using ASTQueryTranslatorFactory
2020-12-30 10:58:32.045  INFO 4520 --- [    Test worker] o.s.s.web.DefaultSecurityFilterChain     : Creating filter chain: any request, [org.springframework.security.web.context.request.async.WebAsyncManagerIntegrationFilter@5fd67bba, org.springframework.security.web.context.SecurityContextPersistenceFilter@2d513cdf, org.springframework.security.web.header.HeaderWriterFilter@2b86fe8a, org.springframework.security.web.authentication.logout.LogoutFilter@237a63f2, org.springframework.security.oauth2.client.web.OAuth2AuthorizationRequestRedirectFilter@553a93b2, org.springframework.security.oauth2.client.web.OAuth2LoginAuthenticationFilter@3b62b1ce, org.springframework.security.web.authentication.ui.DefaultLoginPageGeneratingFilter@249e45e, org.springframework.security.web.authentication.ui.DefaultLogoutPageGeneratingFilter@598f1922, org.springframework.security.web.savedrequest.RequestCacheAwareFilter@3fe6dbe2, org.springframework.security.web.servletapi.SecurityContextHolderAwareRequestFilter@19c5e1bf, org.springframework.security.web.authentication.AnonymousAuthenticationFilter@4fcaa33f, org.springframework.security.web.session.SessionManagementFilter@5ac7fa07, org.springframework.security.web.access.ExceptionTranslationFilter@779ec535, org.springframework.security.web.access.intercept.FilterSecurityInterceptor@67584d89]
2020-12-30 10:58:32.344  INFO 4520 --- [    Test worker] o.s.s.concurrent.ThreadPoolTaskExecutor  : Initializing ExecutorService 'applicationTaskExecutor'
2020-12-30 10:58:32.392  WARN 4520 --- [    Test worker] aWebConfiguration$JpaWebMvcConfiguration : spring.jpa.open-in-view is enabled by default. Therefore, database queries may be performed during view rendering. Explicitly configure spring.jpa.open-in-view to disable this warning
2020-12-30 10:58:32.437  INFO 4520 --- [    Test worker] o.s.b.a.w.s.WelcomePageHandlerMapping    : Adding welcome page template: index
2020-12-30 10:58:32.744  INFO 4520 --- [    Test worker] s.a.ScheduledAnnotationBeanPostProcessor : No TaskScheduler/ScheduledExecutorService bean found for scheduled processing
2020-12-30 10:58:32.763  INFO 4520 --- [    Test worker] o.s.b.w.embedded.tomcat.TomcatWebServer  : Tomcat started on port(s): 52319 (http) with context path ''
2020-12-30 10:58:32.765  INFO 4520 --- [    Test worker] c.y.b.s.web.IndexControllerTest          : Started IndexControllerTest in 4.883 seconds (JVM running for 5.629)
2020-12-30 10:58:32.883  INFO 4520 --- [o-auto-1-exec-1] o.a.c.c.C.[Tomcat].[localhost].[/]       : Initializing Spring DispatcherServlet 'dispatcherServlet'
2020-12-30 10:58:32.884  INFO 4520 --- [o-auto-1-exec-1] o.s.web.servlet.DispatcherServlet        : Initializing Servlet 'dispatcherServlet'
2020-12-30 10:58:32.898  INFO 4520 --- [o-auto-1-exec-1] o.s.web.servlet.DispatcherServlet        : Completed initialization in 14 ms
Hibernate: select posts0_.id as id1_0_, posts0_.create_date as create_d2_0_, posts0_.modified_date as modified3_0_, posts0_.author as author4_0_, posts0_.content as content5_0_, posts0_.title as title6_0_ from posts posts0_ order by posts0_.id DESC
]]></system-out>
  <system-err><![CDATA[]]></system-err>
</testsuite>
