<?xml version="1.0" encoding="UTF-8"?>
<testsuite name="com.yunhwan.book.springboot.domain.posts.PostsRepositoryTest" tests="2" skipped="0" failures="0" errors="0" timestamp="2020-12-30T01:58:34" hostname="DESKTOP-FEULOG5" time="0.097">
  <properties/>
  <testcase name="게시글저장_불러오기" classname="com.yunhwan.book.springboot.domain.posts.PostsRepositoryTest" time="0.088"/>
  <testcase name="BaseTimeEntity_등록" classname="com.yunhwan.book.springboot.domain.posts.PostsRepositoryTest" time="0.009"/>
  <system-out><![CDATA[2020-12-30 10:58:33.051  INFO 4520 --- [    Test worker] .b.t.c.SpringBootTestContextBootstrapper : Neither @ContextConfiguration nor @ContextHierarchy found for test class [com.yunhwan.book.springboot.domain.posts.PostsRepositoryTest], using SpringBootContextLoader
2020-12-30 10:58:33.052  INFO 4520 --- [    Test worker] o.s.t.c.support.AbstractContextLoader    : Could not detect default resource locations for test class [com.yunhwan.book.springboot.domain.posts.PostsRepositoryTest]: no resource found for suffixes {-context.xml, Context.groovy}.
2020-12-30 10:58:33.052  INFO 4520 --- [    Test worker] t.c.s.AnnotationConfigContextLoaderUtils : Could not detect default configuration classes for test class [com.yunhwan.book.springboot.domain.posts.PostsRepositoryTest]: PostsRepositoryTest does not declare any static, non-private, non-final, nested classes annotated with @Configuration.
2020-12-30 10:58:33.063  INFO 4520 --- [    Test worker] .b.t.c.SpringBootTestContextBootstrapper : Found @SpringBootConfiguration com.yunhwan.book.springboot.Application for test class com.yunhwan.book.springboot.domain.posts.PostsRepositoryTest
2020-12-30 10:58:33.064  INFO 4520 --- [    Test worker] .b.t.c.SpringBootTestContextBootstrapper : Loaded default TestExecutionListener class names from location [META-INF/spring.factories]: [org.springframework.security.test.context.support.WithSecurityContextTestExecutionListener, org.springframework.security.test.context.support.ReactorContextTestExecutionListener, org.springframework.boot.test.autoconfigure.restdocs.RestDocsTestExecutionListener, org.springframework.boot.test.autoconfigure.web.client.MockRestServiceServerResetTestExecutionListener, org.springframework.boot.test.autoconfigure.web.servlet.MockMvcPrintOnlyOnFailureTestExecutionListener, org.springframework.boot.test.autoconfigure.web.servlet.WebDriverTestExecutionListener, org.springframework.boot.test.mock.mockito.MockitoTestExecutionListener, org.springframework.boot.test.mock.mockito.ResetMocksTestExecutionListener, org.springframework.test.context.web.ServletTestExecutionListener, org.springframework.test.context.support.DirtiesContextBeforeModesTestExecutionListener, org.springframework.test.context.support.DependencyInjectionTestExecutionListener, org.springframework.test.context.support.DirtiesContextTestExecutionListener, org.springframework.test.context.transaction.TransactionalTestExecutionListener, org.springframework.test.context.jdbc.SqlScriptsTestExecutionListener]
2020-12-30 10:58:33.065  INFO 4520 --- [    Test worker] .b.t.c.SpringBootTestContextBootstrapper : Using TestExecutionListeners: [org.springframework.test.context.web.ServletTestExecutionListener@54d2c869, org.springframework.test.context.support.DirtiesContextBeforeModesTestExecutionListener@35406861, org.springframework.boot.test.mock.mockito.MockitoTestExecutionListener@c15d6ac, org.springframework.boot.test.autoconfigure.SpringBootDependencyInjectionTestExecutionListener@52e7c2f2, org.springframework.test.context.support.DirtiesContextTestExecutionListener@1034d947, org.springframework.test.context.transaction.TransactionalTestExecutionListener@2601b840, org.springframework.test.context.jdbc.SqlScriptsTestExecutionListener@403aa9a, org.springframework.security.test.context.support.WithSecurityContextTestExecutionListener@689f18ba, org.springframework.security.test.context.support.ReactorContextTestExecutionListener@5ed71a0f, org.springframework.boot.test.autoconfigure.restdocs.RestDocsTestExecutionListener@753f6a2d, org.springframework.boot.test.autoconfigure.web.client.MockRestServiceServerResetTestExecutionListener@6cf1496a, org.springframework.boot.test.autoconfigure.web.servlet.MockMvcPrintOnlyOnFailureTestExecutionListener@7cbbc686, org.springframework.boot.test.autoconfigure.web.servlet.WebDriverTestExecutionListener@1a5abc7c, org.springframework.boot.test.mock.mockito.ResetMocksTestExecutionListener@14bad318]

  .   ____          _            __ _ _
 /\\ / ___'_ __ _ _(_)_ __  __ _ \ \ \ \
( ( )\___ | '_ | '_| | '_ \/ _` | \ \ \ \
 \\/  ___)| |_)| | | | | || (_| |  ) ) ) )
  '  |____| .__|_| |_|_| |_\__, | / / / /
 =========|_|==============|___/=/_/_/_/
 :: Spring Boot ::        (v2.1.7.RELEASE)

2020-12-30 10:58:33.093  INFO 4520 --- [    Test worker] c.y.b.s.d.posts.PostsRepositoryTest      : Starting PostsRepositoryTest on DESKTOP-FEULOG5 with PID 4520 (started by pc in C:\Users\pc\Desktop\freelec-springboot2)
2020-12-30 10:58:33.093  INFO 4520 --- [    Test worker] c.y.b.s.d.posts.PostsRepositoryTest      : The following profiles are active: oauth
2020-12-30 10:58:33.247  INFO 4520 --- [    Test worker] .s.d.r.c.RepositoryConfigurationDelegate : Bootstrapping Spring Data repositories in DEFAULT mode.
2020-12-30 10:58:33.264  INFO 4520 --- [    Test worker] .s.d.r.c.RepositoryConfigurationDelegate : Finished Spring Data repository scanning in 17ms. Found 2 repository interfaces.
2020-12-30 10:58:33.331  INFO 4520 --- [    Test worker] trationDelegate$BeanPostProcessorChecker : Bean 'org.springframework.transaction.annotation.ProxyTransactionManagementConfiguration' of type [org.springframework.transaction.annotation.ProxyTransactionManagementConfiguration$$EnhancerBySpringCGLIB$$ccb7e24] is not eligible for getting processed by all BeanPostProcessors (for example: not eligible for auto-proxying)
2020-12-30 10:58:33.386  INFO 4520 --- [    Test worker] com.zaxxer.hikari.HikariDataSource       : HikariPool-2 - Starting...
2020-12-30 10:58:33.387  INFO 4520 --- [    Test worker] com.zaxxer.hikari.HikariDataSource       : HikariPool-2 - Start completed.
2020-12-30 10:58:33.407  INFO 4520 --- [    Test worker] o.hibernate.jpa.internal.util.LogHelper  : HHH000204: Processing PersistenceUnitInfo [
	name: default
	...]
2020-12-30 10:58:33.415  INFO 4520 --- [    Test worker] org.hibernate.dialect.Dialect            : HHH000400: Using dialect: org.hibernate.dialect.MySQL5InnoDBDialect
Hibernate: drop table if exists posts
Hibernate: drop table if exists user
Hibernate: create table posts (id bigint not null auto_increment, create_date datetime, modified_date datetime, author varchar(255), content TEXT not null, title varchar(500) not null, primary key (id)) engine=InnoDB
Hibernate: create table user (id bigint not null auto_increment, create_date datetime, modified_date datetime, email varchar(255) not null, name varchar(255) not null, picture varchar(255), role varchar(255) not null, primary key (id)) engine=InnoDB
2020-12-30 10:58:33.486  INFO 4520 --- [    Test worker] o.h.t.schema.internal.SchemaCreatorImpl  : HHH000476: Executing import script 'org.hibernate.tool.schema.internal.exec.ScriptSourceInputNonExistentImpl@6a1fa9d1'
2020-12-30 10:58:33.486  INFO 4520 --- [    Test worker] j.LocalContainerEntityManagerFactoryBean : Initialized JPA EntityManagerFactory for persistence unit 'default'
2020-12-30 10:58:33.623  INFO 4520 --- [    Test worker] o.h.h.i.QueryTranslatorFactoryInitiator  : HHH000397: Using ASTQueryTranslatorFactory
2020-12-30 10:58:33.746  INFO 4520 --- [    Test worker] o.s.s.web.DefaultSecurityFilterChain     : Creating filter chain: any request, [org.springframework.security.web.context.request.async.WebAsyncManagerIntegrationFilter@280c62ca, org.springframework.security.web.context.SecurityContextPersistenceFilter@6ecfd162, org.springframework.security.web.header.HeaderWriterFilter@4f5da786, org.springframework.security.web.authentication.logout.LogoutFilter@3c86bb81, org.springframework.security.oauth2.client.web.OAuth2AuthorizationRequestRedirectFilter@1811a235, org.springframework.security.oauth2.client.web.OAuth2LoginAuthenticationFilter@695501e0, org.springframework.security.web.authentication.ui.DefaultLoginPageGeneratingFilter@2cd22bb8, org.springframework.security.web.authentication.ui.DefaultLogoutPageGeneratingFilter@58ce7f1e, org.springframework.security.web.savedrequest.RequestCacheAwareFilter@78ad4faf, org.springframework.security.web.servletapi.SecurityContextHolderAwareRequestFilter@5a6ea6ab, org.springframework.security.web.authentication.AnonymousAuthenticationFilter@4d5b6e38, org.springframework.security.web.session.SessionManagementFilter@4ae5c92, org.springframework.security.web.access.ExceptionTranslationFilter@690fff73, org.springframework.security.web.access.intercept.FilterSecurityInterceptor@5ea5d2ff]
2020-12-30 10:58:33.925  INFO 4520 --- [    Test worker] o.s.s.concurrent.ThreadPoolTaskExecutor  : Initializing ExecutorService 'applicationTaskExecutor'
2020-12-30 10:58:33.936  WARN 4520 --- [    Test worker] aWebConfiguration$JpaWebMvcConfiguration : spring.jpa.open-in-view is enabled by default. Therefore, database queries may be performed during view rendering. Explicitly configure spring.jpa.open-in-view to disable this warning
2020-12-30 10:58:33.962  INFO 4520 --- [    Test worker] o.s.b.a.w.s.WelcomePageHandlerMapping    : Adding welcome page template: index
2020-12-30 10:58:34.181  INFO 4520 --- [    Test worker] s.a.ScheduledAnnotationBeanPostProcessor : No TaskScheduler/ScheduledExecutorService bean found for scheduled processing
2020-12-30 10:58:34.182  INFO 4520 --- [    Test worker] c.y.b.s.d.posts.PostsRepositoryTest      : Started PostsRepositoryTest in 1.113 seconds (JVM running for 7.046)
Hibernate: insert into posts (create_date, modified_date, author, content, title) values (?, ?, ?, ?, ?)
Hibernate: select posts0_.id as id1_0_, posts0_.create_date as create_d2_0_, posts0_.modified_date as modified3_0_, posts0_.author as author4_0_, posts0_.content as content5_0_, posts0_.title as title6_0_ from posts posts0_
Hibernate: select posts0_.id as id1_0_, posts0_.create_date as create_d2_0_, posts0_.modified_date as modified3_0_, posts0_.author as author4_0_, posts0_.content as content5_0_, posts0_.title as title6_0_ from posts posts0_
Hibernate: delete from posts where id=?
Hibernate: insert into posts (create_date, modified_date, author, content, title) values (?, ?, ?, ?, ?)
Hibernate: select posts0_.id as id1_0_, posts0_.create_date as create_d2_0_, posts0_.modified_date as modified3_0_, posts0_.author as author4_0_, posts0_.content as content5_0_, posts0_.title as title6_0_ from posts posts0_
>>>>>>>>createDate = 2020-12-30T10:58:34.281, modifiedDate = 2020-12-30T10:58:34.281
Hibernate: select posts0_.id as id1_0_, posts0_.create_date as create_d2_0_, posts0_.modified_date as modified3_0_, posts0_.author as author4_0_, posts0_.content as content5_0_, posts0_.title as title6_0_ from posts posts0_
Hibernate: delete from posts where id=?
]]></system-out>
  <system-err><![CDATA[]]></system-err>
</testsuite>
