<?xml version="1.0" encoding="UTF-8"?>
<testsuite name="com.yunhwan.book.springboot.web.PostsApiControllerTest" tests="2" skipped="0" failures="0" errors="0" timestamp="2020-12-30T01:58:35" hostname="DESKTOP-FEULOG5" time="0.082">
  <properties/>
  <testcase name="Posts_등록된다" classname="com.yunhwan.book.springboot.web.PostsApiControllerTest" time="0.054"/>
  <testcase name="Posts_수정된다" classname="com.yunhwan.book.springboot.web.PostsApiControllerTest" time="0.027"/>
  <system-out><![CDATA[2020-12-30 10:58:35.012  INFO 4520 --- [    Test worker] .b.t.c.SpringBootTestContextBootstrapper : Neither @ContextConfiguration nor @ContextHierarchy found for test class [com.yunhwan.book.springboot.web.PostsApiControllerTest], using SpringBootContextLoader
2020-12-30 10:58:35.013  INFO 4520 --- [    Test worker] o.s.t.c.support.AbstractContextLoader    : Could not detect default resource locations for test class [com.yunhwan.book.springboot.web.PostsApiControllerTest]: no resource found for suffixes {-context.xml, Context.groovy}.
2020-12-30 10:58:35.013  INFO 4520 --- [    Test worker] t.c.s.AnnotationConfigContextLoaderUtils : Could not detect default configuration classes for test class [com.yunhwan.book.springboot.web.PostsApiControllerTest]: PostsApiControllerTest does not declare any static, non-private, non-final, nested classes annotated with @Configuration.
2020-12-30 10:58:35.014  INFO 4520 --- [    Test worker] .b.t.c.SpringBootTestContextBootstrapper : Found @SpringBootConfiguration com.yunhwan.book.springboot.Application for test class com.yunhwan.book.springboot.web.PostsApiControllerTest
2020-12-30 10:58:35.015  INFO 4520 --- [    Test worker] .b.t.c.SpringBootTestContextBootstrapper : Loaded default TestExecutionListener class names from location [META-INF/spring.factories]: [org.springframework.security.test.context.support.WithSecurityContextTestExecutionListener, org.springframework.security.test.context.support.ReactorContextTestExecutionListener, org.springframework.boot.test.autoconfigure.restdocs.RestDocsTestExecutionListener, org.springframework.boot.test.autoconfigure.web.client.MockRestServiceServerResetTestExecutionListener, org.springframework.boot.test.autoconfigure.web.servlet.MockMvcPrintOnlyOnFailureTestExecutionListener, org.springframework.boot.test.autoconfigure.web.servlet.WebDriverTestExecutionListener, org.springframework.boot.test.mock.mockito.MockitoTestExecutionListener, org.springframework.boot.test.mock.mockito.ResetMocksTestExecutionListener, org.springframework.test.context.web.ServletTestExecutionListener, org.springframework.test.context.support.DirtiesContextBeforeModesTestExecutionListener, org.springframework.test.context.support.DependencyInjectionTestExecutionListener, org.springframework.test.context.support.DirtiesContextTestExecutionListener, org.springframework.test.context.transaction.TransactionalTestExecutionListener, org.springframework.test.context.jdbc.SqlScriptsTestExecutionListener]
2020-12-30 10:58:35.015  INFO 4520 --- [    Test worker] .b.t.c.SpringBootTestContextBootstrapper : Using TestExecutionListeners: [org.springframework.test.context.web.ServletTestExecutionListener@2b4e6cf0, org.springframework.test.context.support.DirtiesContextBeforeModesTestExecutionListener@55dbf716, org.springframework.boot.test.mock.mockito.MockitoTestExecutionListener@3882838f, org.springframework.boot.test.autoconfigure.SpringBootDependencyInjectionTestExecutionListener@faefbee, org.springframework.test.context.support.DirtiesContextTestExecutionListener@575f3f07, org.springframework.test.context.transaction.TransactionalTestExecutionListener@5d3601bd, org.springframework.test.context.jdbc.SqlScriptsTestExecutionListener@71047f6f, org.springframework.security.test.context.support.WithSecurityContextTestExecutionListener@90d8b2a, org.springframework.security.test.context.support.ReactorContextTestExecutionListener@27842a0b, org.springframework.boot.test.autoconfigure.restdocs.RestDocsTestExecutionListener@4ad2fcaf, org.springframework.boot.test.autoconfigure.web.client.MockRestServiceServerResetTestExecutionListener@187f0d9d, org.springframework.boot.test.autoconfigure.web.servlet.MockMvcPrintOnlyOnFailureTestExecutionListener@7d4e8163, org.springframework.boot.test.autoconfigure.web.servlet.WebDriverTestExecutionListener@7b9c28b3, org.springframework.boot.test.mock.mockito.ResetMocksTestExecutionListener@267694eb]
2020-12-30 10:58:35.020  INFO 4520 --- [    Test worker] o.a.c.c.C.[Tomcat].[localhost].[/]       : Initializing Spring TestDispatcherServlet ''
2020-12-30 10:58:35.020  INFO 4520 --- [    Test worker] o.s.t.web.servlet.TestDispatcherServlet  : Initializing Servlet ''
2020-12-30 10:58:35.022  INFO 4520 --- [    Test worker] o.s.t.web.servlet.TestDispatcherServlet  : Completed initialization in 2 ms
Hibernate: insert into posts (create_date, modified_date, author, content, title) values (?, ?, ?, ?, ?)
Hibernate: select posts0_.id as id1_0_, posts0_.create_date as create_d2_0_, posts0_.modified_date as modified3_0_, posts0_.author as author4_0_, posts0_.content as content5_0_, posts0_.title as title6_0_ from posts posts0_
Hibernate: select posts0_.id as id1_0_, posts0_.create_date as create_d2_0_, posts0_.modified_date as modified3_0_, posts0_.author as author4_0_, posts0_.content as content5_0_, posts0_.title as title6_0_ from posts posts0_
Hibernate: delete from posts where id=?
2020-12-30 10:58:35.073  INFO 4520 --- [    Test worker] o.a.c.c.C.[Tomcat].[localhost].[/]       : Initializing Spring TestDispatcherServlet ''
2020-12-30 10:58:35.074  INFO 4520 --- [    Test worker] o.s.t.web.servlet.TestDispatcherServlet  : Initializing Servlet ''
2020-12-30 10:58:35.075  INFO 4520 --- [    Test worker] o.s.t.web.servlet.TestDispatcherServlet  : Completed initialization in 1 ms
Hibernate: insert into posts (create_date, modified_date, author, content, title) values (?, ?, ?, ?, ?)
Hibernate: select posts0_.id as id1_0_0_, posts0_.create_date as create_d2_0_0_, posts0_.modified_date as modified3_0_0_, posts0_.author as author4_0_0_, posts0_.content as content5_0_0_, posts0_.title as title6_0_0_ from posts posts0_ where posts0_.id=?
Hibernate: update posts set create_date=?, modified_date=?, author=?, content=?, title=? where id=?
Hibernate: select posts0_.id as id1_0_, posts0_.create_date as create_d2_0_, posts0_.modified_date as modified3_0_, posts0_.author as author4_0_, posts0_.content as content5_0_, posts0_.title as title6_0_ from posts posts0_
Hibernate: select posts0_.id as id1_0_, posts0_.create_date as create_d2_0_, posts0_.modified_date as modified3_0_, posts0_.author as author4_0_, posts0_.content as content5_0_, posts0_.title as title6_0_ from posts posts0_
Hibernate: delete from posts where id=?
]]></system-out>
  <system-err><![CDATA[]]></system-err>
</testsuite>
