<?xml version="1.0" encoding="UTF-8"?>
<testsuite name="com.yunhwan.book.springboot.web.HelloControllerTest" tests="2" skipped="0" failures="0" errors="0" timestamp="2020-12-30T01:58:34" hostname="DESKTOP-FEULOG5" time="0.086">
  <properties/>
  <testcase name="hello가_리턴된다" classname="com.yunhwan.book.springboot.web.HelloControllerTest" time="0.024"/>
  <testcase name="helloDto가_리턴된다" classname="com.yunhwan.book.springboot.web.HelloControllerTest" time="0.061"/>
  <system-out><![CDATA[2020-12-30 10:58:34.301  INFO 4520 --- [    Test worker] .b.t.a.w.s.WebMvcTestContextBootstrapper : Neither @ContextConfiguration nor @ContextHierarchy found for test class [com.yunhwan.book.springboot.web.HelloControllerTest], using SpringBootContextLoader
2020-12-30 10:58:34.302  INFO 4520 --- [    Test worker] o.s.t.c.support.AbstractContextLoader    : Could not detect default resource locations for test class [com.yunhwan.book.springboot.web.HelloControllerTest]: no resource found for suffixes {-context.xml, Context.groovy}.
2020-12-30 10:58:34.302  INFO 4520 --- [    Test worker] t.c.s.AnnotationConfigContextLoaderUtils : Could not detect default configuration classes for test class [com.yunhwan.book.springboot.web.HelloControllerTest]: HelloControllerTest does not declare any static, non-private, non-final, nested classes annotated with @Configuration.
2020-12-30 10:58:34.318  INFO 4520 --- [    Test worker] .b.t.c.SpringBootTestContextBootstrapper : Found @SpringBootConfiguration com.yunhwan.book.springboot.Application for test class com.yunhwan.book.springboot.web.HelloControllerTest
2020-12-30 10:58:34.319  INFO 4520 --- [    Test worker] .b.t.a.w.s.WebMvcTestContextBootstrapper : Loaded default TestExecutionListener class names from location [META-INF/spring.factories]: [org.springframework.security.test.context.support.WithSecurityContextTestExecutionListener, org.springframework.security.test.context.support.ReactorContextTestExecutionListener, org.springframework.boot.test.autoconfigure.restdocs.RestDocsTestExecutionListener, org.springframework.boot.test.autoconfigure.web.client.MockRestServiceServerResetTestExecutionListener, org.springframework.boot.test.autoconfigure.web.servlet.MockMvcPrintOnlyOnFailureTestExecutionListener, org.springframework.boot.test.autoconfigure.web.servlet.WebDriverTestExecutionListener, org.springframework.boot.test.mock.mockito.MockitoTestExecutionListener, org.springframework.boot.test.mock.mockito.ResetMocksTestExecutionListener, org.springframework.test.context.web.ServletTestExecutionListener, org.springframework.test.context.support.DirtiesContextBeforeModesTestExecutionListener, org.springframework.test.context.support.DependencyInjectionTestExecutionListener, org.springframework.test.context.support.DirtiesContextTestExecutionListener, org.springframework.test.context.transaction.TransactionalTestExecutionListener, org.springframework.test.context.jdbc.SqlScriptsTestExecutionListener]
2020-12-30 10:58:34.319  INFO 4520 --- [    Test worker] .b.t.a.w.s.WebMvcTestContextBootstrapper : Using TestExecutionListeners: [org.springframework.test.context.web.ServletTestExecutionListener@5914ac01, org.springframework.test.context.support.DirtiesContextBeforeModesTestExecutionListener@29ada8cc, org.springframework.boot.test.mock.mockito.MockitoTestExecutionListener@77e8dd41, org.springframework.boot.test.autoconfigure.SpringBootDependencyInjectionTestExecutionListener@3c5d76b6, org.springframework.test.context.support.DirtiesContextTestExecutionListener@40d5a198, org.springframework.test.context.transaction.TransactionalTestExecutionListener@47a9a86, org.springframework.test.context.jdbc.SqlScriptsTestExecutionListener@35c95d9d, org.springframework.security.test.context.support.WithSecurityContextTestExecutionListener@62f67554, org.springframework.security.test.context.support.ReactorContextTestExecutionListener@f42d1f3, org.springframework.boot.test.autoconfigure.restdocs.RestDocsTestExecutionListener@5fbcc437, org.springframework.boot.test.autoconfigure.web.client.MockRestServiceServerResetTestExecutionListener@20e64fe8, org.springframework.boot.test.autoconfigure.web.servlet.MockMvcPrintOnlyOnFailureTestExecutionListener@71ebd275, org.springframework.boot.test.autoconfigure.web.servlet.WebDriverTestExecutionListener@68bf48f2, org.springframework.boot.test.mock.mockito.ResetMocksTestExecutionListener@511ba4ae]

  .   ____          _            __ _ _
 /\\ / ___'_ __ _ _(_)_ __  __ _ \ \ \ \
( ( )\___ | '_ | '_| | '_ \/ _` | \ \ \ \
 \\/  ___)| |_)| | | | | || (_| |  ) ) ) )
  '  |____| .__|_| |_|_| |_\__, | / / / /
 =========|_|==============|___/=/_/_/_/
 :: Spring Boot ::        (v2.1.7.RELEASE)

2020-12-30 10:58:34.347  INFO 4520 --- [    Test worker] c.y.b.s.web.HelloControllerTest          : Starting HelloControllerTest on DESKTOP-FEULOG5 with PID 4520 (started by pc in C:\Users\pc\Desktop\freelec-springboot2)
2020-12-30 10:58:34.347  INFO 4520 --- [    Test worker] c.y.b.s.web.HelloControllerTest          : The following profiles are active: oauth
2020-12-30 10:58:34.642  INFO 4520 --- [    Test worker] o.s.s.concurrent.ThreadPoolTaskExecutor  : Initializing ExecutorService 'applicationTaskExecutor'
2020-12-30 10:58:34.663  INFO 4520 --- [    Test worker] o.s.b.a.w.s.WelcomePageHandlerMapping    : Adding welcome page template: index
2020-12-30 10:58:34.791  INFO 4520 --- [    Test worker] .s.s.UserDetailsServiceAutoConfiguration : 

Using generated security password: 902481b8-6d75-43db-88b8-3f95187134c7

2020-12-30 10:58:34.882  INFO 4520 --- [    Test worker] o.s.s.web.DefaultSecurityFilterChain     : Creating filter chain: any request, [org.springframework.security.web.context.request.async.WebAsyncManagerIntegrationFilter@36fb0e98, org.springframework.security.web.context.SecurityContextPersistenceFilter@5c227b17, org.springframework.security.web.header.HeaderWriterFilter@6601a155, org.springframework.security.web.csrf.CsrfFilter@6c3f178c, org.springframework.security.web.authentication.logout.LogoutFilter@1bfd3839, org.springframework.security.web.authentication.UsernamePasswordAuthenticationFilter@7eeb2ae6, org.springframework.security.web.authentication.ui.DefaultLoginPageGeneratingFilter@3f45a2c2, org.springframework.security.web.authentication.ui.DefaultLogoutPageGeneratingFilter@155305d4, org.springframework.security.web.authentication.www.BasicAuthenticationFilter@59600736, org.springframework.security.web.savedrequest.RequestCacheAwareFilter@14b8d9b5, org.springframework.security.web.servletapi.SecurityContextHolderAwareRequestFilter@7fd8c97e, org.springframework.security.web.authentication.AnonymousAuthenticationFilter@4c53f9ff, org.springframework.security.web.session.SessionManagementFilter@7296596e, org.springframework.security.web.access.ExceptionTranslationFilter@8c8034d, org.springframework.security.web.access.intercept.FilterSecurityInterceptor@1169af87]
2020-12-30 10:58:34.895  INFO 4520 --- [    Test worker] o.s.b.t.m.w.SpringBootMockServletContext : Initializing Spring TestDispatcherServlet ''
2020-12-30 10:58:34.895  INFO 4520 --- [    Test worker] o.s.t.web.servlet.TestDispatcherServlet  : Initializing Servlet ''
2020-12-30 10:58:34.902  INFO 4520 --- [    Test worker] o.s.t.web.servlet.TestDispatcherServlet  : Completed initialization in 7 ms
2020-12-30 10:58:34.920  INFO 4520 --- [    Test worker] c.y.b.s.web.HelloControllerTest          : Started HelloControllerTest in 0.6 seconds (JVM running for 7.784)
]]></system-out>
  <system-err><![CDATA[]]></system-err>
</testsuite>
